<?xml version="1.0" encoding="UTF-8"?>
<testng-results total="2" passed="2" failed="0" skipped="0">
  <reporter-output>
  </reporter-output>
  <suite started-at="2021-02-18T20:30:40Z" name="Suite1" finished-at="2021-02-18T20:30:40Z" duration-ms="680">
    <groups>
    </groups>
    <test started-at="2021-02-18T20:30:40Z" name="Regression1" finished-at="2021-02-18T20:30:40Z" duration-ms="680">
      <class name="PostCodeTest">
        <test-method signature="invalidPostCodeResultVerification()[pri:0, instance:PostCodeTest@327514f]" started-at="2021-02-18T20:30:40Z" name="invalidPostCodeResultVerification" finished-at="2021-02-18T20:30:40Z" duration-ms="621" status="PASS">
          <reporter-output>
          </reporter-output>
        </test-method> <!-- invalidPostCodeResultVerification -->
        <test-method signature="invalidPostCodeStatusCodeVerification()[pri:0, instance:PostCodeTest@327514f]" started-at="2021-02-18T20:30:40Z" name="invalidPostCodeStatusCodeVerification" finished-at="2021-02-18T20:30:40Z" duration-ms="48" status="PASS">
          <reporter-output>
          </reporter-output>
        </test-method> <!-- invalidPostCodeStatusCodeVerification -->
      </class> <!-- PostCodeTest -->
    </test> <!-- Regression1 -->
  </suite> <!-- Suite1 -->
</testng-results>
